[INFO] (2022-03-24 20:58:06,043) (spell) Loading n-grams language model...
[INFO] (2022-03-24 20:58:06,892) (spell)    Done in 0.850s
[INFO] (2022-03-24 21:02:36,577) (spell) Loading n-grams language model...
[INFO] (2022-03-24 21:02:37,381) (spell)    Done in 0.804s
[INFO] (2022-03-24 21:02:41,537) (evaluator) word sum: 1019180
[INFO] (2022-03-24 21:02:41,537) (evaluator) detection time: 3.114s
[INFO] (2022-03-24 21:02:41,537) (evaluator) detection time (per 100 words): 0.0003055815s
[INFO] (2022-03-24 21:03:31,977) (spell) Loading n-grams language model...
[INFO] (2022-03-24 21:03:32,764) (spell)    Done in 0.785s
[INFO] (2022-03-24 21:35:17,887) (spell) Loading n-grams language model...
[INFO] (2022-03-24 21:35:18,710) (spell)    Done in 0.823s
[INFO] (2022-03-24 21:36:51,257) (spell) Loading n-grams language model...
[INFO] (2022-03-24 21:36:52,070) (spell)    Done in 0.813s
[INFO] (2022-03-24 21:39:25,041) (spell) Loading n-grams language model...
[INFO] (2022-03-24 21:39:25,850) (spell)    Done in 0.809s
[INFO] (2022-03-24 21:41:09,450) (spell) Loading n-grams language model...
[INFO] (2022-03-24 21:41:10,262) (spell)    Done in 0.812s
[INFO] (2022-03-24 21:42:03,081) (spell) Loading n-grams language model...
[INFO] (2022-03-24 21:42:03,866) (spell)    Done in 0.784s
[INFO] (2022-03-24 21:42:12,412) (spell) Loading n-grams language model...
[INFO] (2022-03-24 21:42:13,207) (spell)    Done in 0.786s
[INFO] (2022-03-24 21:42:35,262) (spell) Loading n-grams language model...
[INFO] (2022-03-24 21:42:36,041) (spell)    Done in 0.779s
[INFO] (2022-03-24 21:43:12,144) (spell) Loading n-grams language model...
[INFO] (2022-03-24 21:43:12,934) (spell)    Done in 0.790s
[INFO] (2022-03-24 22:02:11,890) (spell) Loading n-grams language model...
[INFO] (2022-03-24 22:02:12,692) (spell)    Done in 0.800s
[INFO] (2022-03-24 22:02:18,948) (spell) Loading n-grams language model...
[INFO] (2022-03-24 22:02:19,733) (spell)    Done in 0.785s
[INFO] (2022-03-24 22:02:37,767) (spell) Loading n-grams language model...
[INFO] (2022-03-24 22:02:38,543) (spell)    Done in 0.776s
[INFO] (2022-03-30 19:00:30,602) (spell) Loading n-grams language model...
